# JRE version: Java(TM) SE Runtime Environment (8.0_191-b12) (build 1.8.0_191-b12)
# Java VM: Java HotSpot(TM) Client VM (25.191-b12 mixed mode windows-x86 )
Heap:
 def new generation   total 39424K, used 23080K [0x04c00000, 0x076c0000, 0x0f6a0000)
  eden space 35072K,  65% used [0x04c00000, 0x06274020, 0x06e40000)
  from space 4352K,   2% used [0x06e40000, 0x06e56260, 0x07280000)
  to   space 4352K,   0% used [0x07280000, 0x07280000, 0x076c0000)
 tenured generation   total 87424K, used 58612K [0x0f6a0000, 0x14c00000, 0x24c00000)
   the space 87424K,  67% used [0x0f6a0000, 0x12fdd328, 0x12fdd400, 0x14c00000)
 Metaspace       used 21391K, capacity 22066K, committed 22144K, reserved 22912K
GC Heap History (10 events):
Event: 1585.585 GC heap before
{Heap before GC invocations=183 (full 2):
 def new generation   total 39424K, used 35077K [0x04c00000, 0x076c0000, 0x0f6a0000)
  eden space 35072K, 100% used [0x04c00000, 0x06e40000, 0x06e40000)
  from space 4352K,   0% used [0x07280000, 0x07281648, 0x076c0000)
  to   space 4352K,   0% used [0x06e40000, 0x06e40000, 0x07280000)
 tenured generation   total 87424K, used 58612K [0x0f6a0000, 0x14c00000, 0x24c00000)
   the space 87424K,  67% used [0x0f6a0000, 0x12fdd328, 0x12fdd400, 0x14c00000)
 Metaspace       used 21359K, capacity 22034K, committed 22144K, reserved 22912K
Event: 1585.587 GC heap after
Heap after GC invocations=184 (full 2):
 def new generation   total 39424K, used 4K [0x04c00000, 0x076c0000, 0x0f6a0000)
  eden space 35072K,   0% used [0x04c00000, 0x04c00000, 0x06e40000)
  from space 4352K,   0% used [0x06e40000, 0x06e413a0, 0x07280000)
  to   space 4352K,   0% used [0x07280000, 0x07280000, 0x076c0000)
 tenured generation   total 87424K, used 58612K [0x0f6a0000, 0x14c00000, 0x24c00000)
   the space 87424K,  67% used [0x0f6a0000, 0x12fdd328, 0x12fdd400, 0x14c00000)
 Metaspace       used 21359K, capacity 22034K, committed 22144K, reserved 22912K
}
Event: 1594.767 GC heap before
{Heap before GC invocations=184 (full 2):
 def new generation   total 39424K, used 35076K [0x04c00000, 0x076c0000, 0x0f6a0000)
  eden space 35072K, 100% used [0x04c00000, 0x06e40000, 0x06e40000)
  from space 4352K,   0% used [0x06e40000, 0x06e413a0, 0x07280000)
  to   space 4352K,   0% used [0x07280000, 0x07280000, 0x076c0000)
 tenured generation   total 87424K, used 58612K [0x0f6a0000, 0x14c00000, 0x24c00000)
   the space 87424K,  67% used [0x0f6a0000, 0x12fdd328, 0x12fdd400, 0x14c00000)
 Metaspace       used 21359K, capacity 22034K, committed 22144K, reserved 22912K
Event: 1594.769 GC heap after
Heap after GC invocations=185 (full 2):
 def new generation   total 39424K, used 11K [0x04c00000, 0x076c0000, 0x0f6a0000)
  eden space 35072K,   0% used [0x04c00000, 0x04c00000, 0x06e40000)
  from space 4352K,   0% used [0x07280000, 0x07282f08, 0x076c0000)
  to   space 4352K,   0% used [0x06e40000, 0x06e40000, 0x07280000)
 tenured generation   total 87424K, used 58612K [0x0f6a0000, 0x14c00000, 0x24c00000)
   the space 87424K,  67% used [0x0f6a0000, 0x12fdd328, 0x12fdd400, 0x14c00000)
 Metaspace       used 21359K, capacity 22034K, committed 22144K, reserved 22912K
}
Event: 1603.487 GC heap before
{Heap before GC invocations=185 (full 2):
 def new generation   total 39424K, used 35083K [0x04c00000, 0x076c0000, 0x0f6a0000)
  eden space 35072K, 100% used [0x04c00000, 0x06e40000, 0x06e40000)
  from space 4352K,   0% used [0x07280000, 0x07282f08, 0x076c0000)
  to   space 4352K,   0% used [0x06e40000, 0x06e40000, 0x07280000)
 tenured generation   total 87424K, used 58612K [0x0f6a0000, 0x14c00000, 0x24c00000)
   the space 87424K,  67% used [0x0f6a0000, 0x12fdd328, 0x12fdd400, 0x14c00000)
 Metaspace       used 21359K, capacity 22034K, committed 22144K, reserved 22912K
Event: 1603.489 GC heap after
Heap after GC invocations=186 (full 2):
 def new generation   total 39424K, used 4K [0x04c00000, 0x076c0000, 0x0f6a0000)
  eden space 35072K,   0% used [0x04c00000, 0x04c00000, 0x06e40000)
  from space 4352K,   0% used [0x06e40000, 0x06e413b0, 0x07280000)
  to   space 4352K,   0% used [0x07280000, 0x07280000, 0x076c0000)
 tenured generation   total 87424K, used 58612K [0x0f6a0000, 0x14c00000, 0x24c00000)
   the space 87424K,  67% used [0x0f6a0000, 0x12fdd328, 0x12fdd400, 0x14c00000)
 Metaspace       used 21359K, capacity 22034K, committed 22144K, reserved 22912K
}
Event: 1615.713 GC heap before
{Heap before GC invocations=186 (full 2):
 def new generation   total 39424K, used 35076K [0x04c00000, 0x076c0000, 0x0f6a0000)
  eden space 35072K, 100% used [0x04c00000, 0x06e40000, 0x06e40000)
  from space 4352K,   0% used [0x06e40000, 0x06e413b0, 0x07280000)
  to   space 4352K,   0% used [0x07280000, 0x07280000, 0x076c0000)
 tenured generation   total 87424K, used 58612K [0x0f6a0000, 0x14c00000, 0x24c00000)
   the space 87424K,  67% used [0x0f6a0000, 0x12fdd328, 0x12fdd400, 0x14c00000)
 Metaspace       used 21359K, capacity 22034K, committed 22144K, reserved 22912K
Event: 1615.716 GC heap after
Heap after GC invocations=187 (full 2):
 def new generation   total 39424K, used 4K [0x04c00000, 0x076c0000, 0x0f6a0000)
  eden space 35072K,   0% used [0x04c00000, 0x04c00000, 0x06e40000)
  from space 4352K,   0% used [0x07280000, 0x072813b8, 0x076c0000)
  to   space 4352K,   0% used [0x06e40000, 0x06e40000, 0x07280000)
 tenured generation   total 87424K, used 58612K [0x0f6a0000, 0x14c00000, 0x24c00000)
   the space 87424K,  67% used [0x0f6a0000, 0x12fdd328, 0x12fdd400, 0x14c00000)
 Metaspace       used 21359K, capacity 22034K, committed 22144K, reserved 22912K
}
Event: 3421.724 GC heap before
{Heap before GC invocations=187 (full 2):
 def new generation   total 39424K, used 35076K [0x04c00000, 0x076c0000, 0x0f6a0000)
  eden space 35072K, 100% used [0x04c00000, 0x06e40000, 0x06e40000)
  from space 4352K,   0% used [0x07280000, 0x072813b8, 0x076c0000)
  to   space 4352K,   0% used [0x06e40000, 0x06e40000, 0x07280000)
 tenured generation   total 87424K, used 58612K [0x0f6a0000, 0x14c00000, 0x24c00000)
   the space 87424K,  67% used [0x0f6a0000, 0x12fdd328, 0x12fdd400, 0x14c00000)
 Metaspace       used 21391K, capacity 22066K, committed 22144K, reserved 22912K
Event: 3421.727 GC heap after
Heap after GC invocations=188 (full 2):
 def new generation   total 39424K, used 88K [0x04c00000, 0x076c0000, 0x0f6a0000)
  eden space 35072K,   0% used [0x04c00000, 0x04c00000, 0x06e40000)
  from space 4352K,   2% used [0x06e40000, 0x06e56260, 0x07280000)
  to   space 4352K,   0% used [0x07280000, 0x07280000, 0x076c0000)
 tenured generation   total 87424K, used 58612K [0x0f6a0000, 0x14c00000, 0x24c00000)
   the space 87424K,  67% used [0x0f6a0000, 0x12fdd328, 0x12fdd400, 0x14c00000)
 Metaspace       used 21391K, capacity 22066K, committed 22144K, reserved 22912K
}

